# gunzip -c exp/tri1/decode/depth_stats_tmp.*.gz | steps/diagnostic/analyze_lattice_depth_stats.py exp/tri1/graph 
# Started at Wed Jun 21 11:03:06 AEST 2017
#
The total amount of data analyzed assuming 100 frames per second is 0.0 hours
Overall, lattice depth (10,50,90-percentile)=(1,4,12) and mean=5.2
Nonsilence phones as a group account for 86.2% of frames, with lattice depth (10,50,90-percentile)=(1,4,12) and mean=5.4
Phone SIL accounts for 13.8% of frames, with lattice depth (10,50,90-percentile)=(2,4,4) and mean=4.0
Phone k_I accounts for 13.6% of frames, with lattice depth (10,50,90-percentile)=(1,4,5) and mean=3.9
Phone m_B accounts for 9.1% of frames, with lattice depth (10,50,90-percentile)=(4,4,10) and mean=5.1
Phone t_I accounts for 8.9% of frames, with lattice depth (10,50,90-percentile)=(1,2,4) and mean=2.8
Phone d_B accounts for 7.2% of frames, with lattice depth (10,50,90-percentile)=(2,4,17) and mean=7.3
Phone k_B accounts for 7.2% of frames, with lattice depth (10,50,90-percentile)=(3,5,10) and mean=6.3
Phone E_I accounts for 6.3% of frames, with lattice depth (10,50,90-percentile)=(2,3,5) and mean=3.8
Phone I_E accounts for 5.6% of frames, with lattice depth (10,50,90-percentile)=(2,5,12) and mean=7.9
Phone n_I accounts for 4.3% of frames, with lattice depth (10,50,90-percentile)=(1,2,4) and mean=2.2
Phone a:_I accounts for 3.8% of frames, with lattice depth (10,50,90-percentile)=(1,4,6) and mean=3.9
Phone h_B accounts for 2.7% of frames, with lattice depth (10,50,90-percentile)=(3,5,5) and mean=5.3
Phone ŋ_E accounts for 2.2% of frames, with lattice depth (10,50,90-percentile)=(1,6,51) and mean=15.1
Phone I_I accounts for 1.9% of frames, with lattice depth (10,50,90-percentile)=(1,4,4) and mean=3.4
Phone l_E accounts for 1.8% of frames, with lattice depth (10,50,90-percentile)=(4,4,10) and mean=7.4
Phone d_I accounts for 1.7% of frames, with lattice depth (10,50,90-percentile)=(15,15,19) and mean=16.2
Phone a_I accounts for 1.7% of frames, with lattice depth (10,50,90-percentile)=(1,1,12) and mean=4.0
Phone m_I accounts for 1.1% of frames, with lattice depth (10,50,90-percentile)=(1,1,1) and mean=1.0
Phone j_I accounts for 1.1% of frames, with lattice depth (10,50,90-percentile)=(3,14,14) and mean=10.6
Phone a_E accounts for 1.0% of frames, with lattice depth (10,50,90-percentile)=(2,4,7) and mean=4.7
Phone O_I accounts for 0.9% of frames, with lattice depth (10,50,90-percentile)=(3,4,38) and mean=11.8
Phone p_I accounts for 0.9% of frames, with lattice depth (10,50,90-percentile)=(2,2,2) and mean=2.2
Phone l_I accounts for 0.8% of frames, with lattice depth (10,50,90-percentile)=(1,1,12) and mean=4.7
# Accounting: time=1 threads=1
# Ended (code 0) at Wed Jun 21 11:03:07 AEST 2017, elapsed time 1 seconds
