# build-tree --verbose=1 --max-leaves=2000 --cluster-thresh=-1 exp/tri1/treeacc data/lang/phones/roots.int exp/tri1/questions.qst data/lang/topo exp/tri1/tree 
# Started at Wed Jun 21 11:02:46 AEST 2017
#
build-tree --verbose=1 --max-leaves=2000 --cluster-thresh=-1 exp/tri1/treeacc data/lang/phones/roots.int exp/tri1/questions.qst data/lang/topo exp/tri1/tree 
LOG (build-tree[5.2.29~1-20fe8]:main():build-tree.cc:100) Number of separate statistics is 383
LOG (build-tree[5.2.29~1-20fe8]:BuildTree():build-tree.cc:159) BuildTree: before building trees, map has 32 leaves.
LOG (build-tree[5.2.29~1-20fe8]:SplitDecisionTree():build-tree-utils.cc:577) DoDecisionTreeSplit: split 8 times, #leaves now 40
LOG (build-tree[5.2.29~1-20fe8]:BuildTree():build-tree.cc:185) Setting clustering threshold to smallest split 326.209
VLOG[1] (build-tree[5.2.29~1-20fe8]:BuildTree():build-tree.cc:194) After decision tree split, num-leaves = 40, like-impr = 1.92854 per frame over 4325 frames.
VLOG[1] (build-tree[5.2.29~1-20fe8]:BuildTree():build-tree.cc:198) Including just phones that were split, improvement is 1.92854 per frame over 4325 frames.
LOG (build-tree[5.2.29~1-20fe8]:BuildTree():build-tree.cc:213) BuildTree: removed 1 leaves.
VLOG[1] (build-tree[5.2.29~1-20fe8]:BuildTree():build-tree.cc:220) Objf change due to clustering -0.0754227 per frame.
VLOG[1] (build-tree[5.2.29~1-20fe8]:BuildTree():build-tree.cc:223) Normalizing over only split phones, this is: -0.0754227 per frame.
VLOG[1] (build-tree[5.2.29~1-20fe8]:BuildTree():build-tree.cc:226) Num-leaves is now 39
VLOG[1] (build-tree[5.2.29~1-20fe8]:main():build-tree.cc:138) For pdf-id 1, low count 0
VLOG[1] (build-tree[5.2.29~1-20fe8]:main():build-tree.cc:138) For pdf-id 2, low count 0
VLOG[1] (build-tree[5.2.29~1-20fe8]:main():build-tree.cc:138) For pdf-id 3, low count 44
VLOG[1] (build-tree[5.2.29~1-20fe8]:main():build-tree.cc:138) For pdf-id 4, low count 27
VLOG[1] (build-tree[5.2.29~1-20fe8]:main():build-tree.cc:138) For pdf-id 8, low count 0
VLOG[1] (build-tree[5.2.29~1-20fe8]:main():build-tree.cc:138) For pdf-id 9, low count 0
VLOG[1] (build-tree[5.2.29~1-20fe8]:main():build-tree.cc:138) For pdf-id 10, low count 0
VLOG[1] (build-tree[5.2.29~1-20fe8]:main():build-tree.cc:138) For pdf-id 11, low count 0
VLOG[1] (build-tree[5.2.29~1-20fe8]:main():build-tree.cc:138) For pdf-id 12, low count 0
VLOG[1] (build-tree[5.2.29~1-20fe8]:main():build-tree.cc:138) For pdf-id 13, low count 0
VLOG[1] (build-tree[5.2.29~1-20fe8]:main():build-tree.cc:138) For pdf-id 14, low count 92
VLOG[1] (build-tree[5.2.29~1-20fe8]:main():build-tree.cc:138) For pdf-id 16, low count 83
VLOG[1] (build-tree[5.2.29~1-20fe8]:main():build-tree.cc:138) For pdf-id 18, low count 48
VLOG[1] (build-tree[5.2.29~1-20fe8]:main():build-tree.cc:138) For pdf-id 19, low count 70
VLOG[1] (build-tree[5.2.29~1-20fe8]:main():build-tree.cc:138) For pdf-id 20, low count 0
VLOG[1] (build-tree[5.2.29~1-20fe8]:main():build-tree.cc:138) For pdf-id 23, low count 44
VLOG[1] (build-tree[5.2.29~1-20fe8]:main():build-tree.cc:138) For pdf-id 24, low count 0
VLOG[1] (build-tree[5.2.29~1-20fe8]:main():build-tree.cc:138) For pdf-id 25, low count 0
VLOG[1] (build-tree[5.2.29~1-20fe8]:main():build-tree.cc:138) For pdf-id 27, low count 53
VLOG[1] (build-tree[5.2.29~1-20fe8]:main():build-tree.cc:138) For pdf-id 28, low count 0
VLOG[1] (build-tree[5.2.29~1-20fe8]:main():build-tree.cc:138) For pdf-id 29, low count 0
VLOG[1] (build-tree[5.2.29~1-20fe8]:main():build-tree.cc:138) For pdf-id 30, low count 31
VLOG[1] (build-tree[5.2.29~1-20fe8]:main():build-tree.cc:138) For pdf-id 33, low count 75
VLOG[1] (build-tree[5.2.29~1-20fe8]:main():build-tree.cc:138) For pdf-id 35, low count 58
WARNING (build-tree[5.2.29~1-20fe8]:main():build-tree.cc:180) Saw no stats for following phones: 2 3 4 5 6 7 8 9 10 11 12 13 14 15 17 19 21 23 24 25 27 29 31 33 35 36 37 38 39 40 41 42 43 44 45 46 47 48 49 50 51 52 53 54 55 56 57 58 59 61 62 63 65 67 68 69 71 72 74 75 76 79 81 83 84 85 86 87 91 92 95 96 99 100 101 102 103 104 105 106 107 108 109 111 113 115 116 117 118 119 120 121 122 123 127 128 129 131 
LOG (build-tree[5.2.29~1-20fe8]:main():build-tree.cc:184) Wrote tree
# Accounting: time=0 threads=1
# Ended (code 0) at Wed Jun 21 11:02:46 AEST 2017, elapsed time 0 seconds
