# gmm-init-model --write-occs=exp/tri1/1.occs exp/tri1/tree exp/tri1/treeacc data/lang/topo exp/tri1/1.mdl 
# Started at Wed Jun 21 11:02:46 AEST 2017
#
gmm-init-model --write-occs=exp/tri1/1.occs exp/tri1/tree exp/tri1/treeacc data/lang/topo exp/tri1/1.mdl 
LOG (gmm-init-model[5.2.29~1-20fe8]:main():gmm-init-model.cc:271) Number of separate statistics is 383
WARNING (gmm-init-model[5.2.29~1-20fe8]:InitAmGmm():gmm-init-model.cc:55) Tree has pdf-id 1 with no stats; corresponding phone list: 6 7 8 9 10 
WARNING (gmm-init-model[5.2.29~1-20fe8]:InitAmGmm():gmm-init-model.cc:55) Tree has pdf-id 2 with no stats; corresponding phone list: 11 12 13 14 15 
WARNING (gmm-init-model[5.2.29~1-20fe8]:InitAmGmm():gmm-init-model.cc:55) Tree has pdf-id 8 with no stats; corresponding phone list: 36 37 38 39 
WARNING (gmm-init-model[5.2.29~1-20fe8]:InitAmGmm():gmm-init-model.cc:55) Tree has pdf-id 9 with no stats; corresponding phone list: 40 41 42 43 
WARNING (gmm-init-model[5.2.29~1-20fe8]:InitAmGmm():gmm-init-model.cc:55) Tree has pdf-id 10 with no stats; corresponding phone list: 44 45 46 47 
WARNING (gmm-init-model[5.2.29~1-20fe8]:InitAmGmm():gmm-init-model.cc:55) Tree has pdf-id 11 with no stats; corresponding phone list: 48 49 50 51 
WARNING (gmm-init-model[5.2.29~1-20fe8]:InitAmGmm():gmm-init-model.cc:55) Tree has pdf-id 12 with no stats; corresponding phone list: 52 53 54 55 
WARNING (gmm-init-model[5.2.29~1-20fe8]:InitAmGmm():gmm-init-model.cc:55) Tree has pdf-id 13 with no stats; corresponding phone list: 56 57 58 59 
WARNING (gmm-init-model[5.2.29~1-20fe8]:InitAmGmm():gmm-init-model.cc:55) Tree has pdf-id 20 with no stats; corresponding phone list: 84 85 86 87 
WARNING (gmm-init-model[5.2.29~1-20fe8]:InitAmGmm():gmm-init-model.cc:55) Tree has pdf-id 24 with no stats; corresponding phone list: 100 101 102 103 
WARNING (gmm-init-model[5.2.29~1-20fe8]:InitAmGmm():gmm-init-model.cc:55) Tree has pdf-id 25 with no stats; corresponding phone list: 104 105 106 107 
WARNING (gmm-init-model[5.2.29~1-20fe8]:InitAmGmm():gmm-init-model.cc:55) Tree has pdf-id 28 with no stats; corresponding phone list: 116 117 118 119 
WARNING (gmm-init-model[5.2.29~1-20fe8]:InitAmGmm():gmm-init-model.cc:55) Tree has pdf-id 29 with no stats; corresponding phone list: 120 121 122 123 
WARNING (gmm-init-model[5.2.29~1-20fe8]:InitAmGmm():gmm-init-model.cc:83) Very small count for state 3: 44; corresponding phone list: 16 17 18 19 
WARNING (gmm-init-model[5.2.29~1-20fe8]:InitAmGmm():gmm-init-model.cc:83) Very small count for state 4: 27; corresponding phone list: 20 21 22 23 
WARNING (gmm-init-model[5.2.29~1-20fe8]:InitAmGmm():gmm-init-model.cc:83) Very small count for state 14: 92; corresponding phone list: 60 61 62 63 
WARNING (gmm-init-model[5.2.29~1-20fe8]:InitAmGmm():gmm-init-model.cc:83) Very small count for state 16: 83; corresponding phone list: 68 69 70 71 
WARNING (gmm-init-model[5.2.29~1-20fe8]:InitAmGmm():gmm-init-model.cc:83) Very small count for state 18: 48; corresponding phone list: 76 77 78 79 
WARNING (gmm-init-model[5.2.29~1-20fe8]:InitAmGmm():gmm-init-model.cc:83) Very small count for state 19: 70; corresponding phone list: 80 81 82 83 
WARNING (gmm-init-model[5.2.29~1-20fe8]:InitAmGmm():gmm-init-model.cc:83) Very small count for state 23: 44; corresponding phone list: 96 97 98 99 
WARNING (gmm-init-model[5.2.29~1-20fe8]:InitAmGmm():gmm-init-model.cc:83) Very small count for state 27: 53; corresponding phone list: 112 113 114 115 
WARNING (gmm-init-model[5.2.29~1-20fe8]:InitAmGmm():gmm-init-model.cc:83) Very small count for state 30: 31; corresponding phone list: 124 125 126 127 
WARNING (gmm-init-model[5.2.29~1-20fe8]:InitAmGmm():gmm-init-model.cc:83) Very small count for state 33: 75; corresponding phone list: 64 65 66 67 
WARNING (gmm-init-model[5.2.29~1-20fe8]:InitAmGmm():gmm-init-model.cc:83) Very small count for state 35: 58; corresponding phone list: 60 61 62 63 
LOG (gmm-init-model[5.2.29~1-20fe8]:main():gmm-init-model.cc:306) Wrote model.
# Accounting: time=0 threads=1
# Ended (code 0) at Wed Jun 21 11:02:46 AEST 2017, elapsed time 0 seconds
