# gmm-est --mix-up=5240 --power=0.25 --write-occs=exp/tri1/11.occs exp/tri1/10.mdl "gmm-sum-accs - exp/tri1/10.*.acc |" exp/tri1/11.mdl 
# Started at Wed Jun 21 11:02:51 AEST 2017
#
gmm-est --mix-up=5240 --power=0.25 --write-occs=exp/tri1/11.occs exp/tri1/10.mdl 'gmm-sum-accs - exp/tri1/10.*.acc |' exp/tri1/11.mdl 
gmm-sum-accs - exp/tri1/10.1.acc 
LOG (gmm-sum-accs[5.2.29~1-20fe8]:main():gmm-sum-accs.cc:63) Summed 1 stats, total count 4325, avg like/frame -38.0805
LOG (gmm-sum-accs[5.2.29~1-20fe8]:main():gmm-sum-accs.cc:66) Total count of stats is 4325
LOG (gmm-sum-accs[5.2.29~1-20fe8]:main():gmm-sum-accs.cc:67) Written stats to -
LOG (gmm-est[5.2.29~1-20fe8]:MleUpdate():transition-model.cc:517) TransitionModel::Update, objf change is 0.0498123 per frame over 4325 frames. 
LOG (gmm-est[5.2.29~1-20fe8]:MleUpdate():transition-model.cc:520) 33 probabilities floored, 369 out of 435 transition-states skipped due to insuffient data (it is normal to have some skipped.)
LOG (gmm-est[5.2.29~1-20fe8]:main():gmm-est.cc:102) Transition model update: Overall 0.0498123 log-like improvement per frame over 4325 frames.
WARNING (gmm-est[5.2.29~1-20fe8]:MleDiagGmmUpdate():mle-diag-gmm.cc:365) Gaussian has too little data but not removing it because it is the last Gaussian: i = 0, occ = 0, weight = 1
WARNING (gmm-est[5.2.29~1-20fe8]:MleDiagGmmUpdate():mle-diag-gmm.cc:365) Gaussian has too little data but not removing it because it is the last Gaussian: i = 0, occ = 0, weight = 1
WARNING (gmm-est[5.2.29~1-20fe8]:MleDiagGmmUpdate():mle-diag-gmm.cc:359) Too little data - removing Gaussian (weight 0.042490, occupation count 9.985260, vector size 21)
WARNING (gmm-est[5.2.29~1-20fe8]:MleDiagGmmUpdate():mle-diag-gmm.cc:365) Gaussian has too little data but not removing it because it is the last Gaussian: i = 0, occ = 0, weight = 1
WARNING (gmm-est[5.2.29~1-20fe8]:MleDiagGmmUpdate():mle-diag-gmm.cc:365) Gaussian has too little data but not removing it because it is the last Gaussian: i = 0, occ = 0, weight = 1
WARNING (gmm-est[5.2.29~1-20fe8]:MleDiagGmmUpdate():mle-diag-gmm.cc:365) Gaussian has too little data but not removing it because it is the last Gaussian: i = 0, occ = 0, weight = 1
WARNING (gmm-est[5.2.29~1-20fe8]:MleDiagGmmUpdate():mle-diag-gmm.cc:365) Gaussian has too little data but not removing it because it is the last Gaussian: i = 0, occ = 0, weight = 1
WARNING (gmm-est[5.2.29~1-20fe8]:MleDiagGmmUpdate():mle-diag-gmm.cc:365) Gaussian has too little data but not removing it because it is the last Gaussian: i = 0, occ = 0, weight = 1
WARNING (gmm-est[5.2.29~1-20fe8]:MleDiagGmmUpdate():mle-diag-gmm.cc:365) Gaussian has too little data but not removing it because it is the last Gaussian: i = 0, occ = 0, weight = 1
WARNING (gmm-est[5.2.29~1-20fe8]:MleDiagGmmUpdate():mle-diag-gmm.cc:365) Gaussian has too little data but not removing it because it is the last Gaussian: i = 0, occ = 0, weight = 1
WARNING (gmm-est[5.2.29~1-20fe8]:MleDiagGmmUpdate():mle-diag-gmm.cc:365) Gaussian has too little data but not removing it because it is the last Gaussian: i = 0, occ = 0, weight = 1
WARNING (gmm-est[5.2.29~1-20fe8]:MleDiagGmmUpdate():mle-diag-gmm.cc:365) Gaussian has too little data but not removing it because it is the last Gaussian: i = 0, occ = 0, weight = 1
WARNING (gmm-est[5.2.29~1-20fe8]:MleDiagGmmUpdate():mle-diag-gmm.cc:365) Gaussian has too little data but not removing it because it is the last Gaussian: i = 0, occ = 0, weight = 1
WARNING (gmm-est[5.2.29~1-20fe8]:MleDiagGmmUpdate():mle-diag-gmm.cc:365) Gaussian has too little data but not removing it because it is the last Gaussian: i = 0, occ = 0, weight = 1
WARNING (gmm-est[5.2.29~1-20fe8]:MleDiagGmmUpdate():mle-diag-gmm.cc:359) Too little data - removing Gaussian (weight 0.068369, occupation count 9.161469, vector size 21)
WARNING (gmm-est[5.2.29~1-20fe8]:MleDiagGmmUpdate():mle-diag-gmm.cc:359) Too little data - removing Gaussian (weight 0.016019, occupation count 8.906341, vector size 21)
LOG (gmm-est[5.2.29~1-20fe8]:MleAmDiagGmmUpdate():mle-am-diag-gmm.cc:225) 19 variance elements floored in 18 Gaussians, out of 214
LOG (gmm-est[5.2.29~1-20fe8]:MleAmDiagGmmUpdate():mle-am-diag-gmm.cc:229) Removed 3 Gaussians due to counts < --min-gaussian-occupancy=10 and --remove-low-count-gaussians=true
LOG (gmm-est[5.2.29~1-20fe8]:main():gmm-est.cc:113) GMM update: Overall 0.133786 objective function improvement per frame over 4325 frames
LOG (gmm-est[5.2.29~1-20fe8]:main():gmm-est.cc:116) GMM update: Overall avg like per frame = -38.0805 over 4325 frames.
WARNING (gmm-est[5.2.29~1-20fe8]:GetSplitTargets():model-common.cc:134) Could not split up to 5240 due to min-count = 20 (or no counts at all)
LOG (gmm-est[5.2.29~1-20fe8]:SplitByCount():am-diag-gmm.cc:116) Split 39 states with target = 5240, power = 0.25, perturb_factor = 0.01 and min_count = 20, split #Gauss from 214 to 217
LOG (gmm-est[5.2.29~1-20fe8]:main():gmm-est.cc:146) Written model to exp/tri1/11.mdl
# Accounting: time=0 threads=1
# Ended (code 0) at Wed Jun 21 11:02:51 AEST 2017, elapsed time 0 seconds
