# gmm-est --mix-up=3080 --power=0.25 --write-occs=exp/tri1/5.occs exp/tri1/4.mdl "gmm-sum-accs - exp/tri1/4.*.acc |" exp/tri1/5.mdl 
# Started at Wed Jun 21 11:02:48 AEST 2017
#
gmm-est --mix-up=3080 --power=0.25 --write-occs=exp/tri1/5.occs exp/tri1/4.mdl 'gmm-sum-accs - exp/tri1/4.*.acc |' exp/tri1/5.mdl 
gmm-sum-accs - exp/tri1/4.1.acc 
LOG (gmm-sum-accs[5.2.29~1-20fe8]:main():gmm-sum-accs.cc:63) Summed 1 stats, total count 4325, avg like/frame -41.1844
LOG (gmm-sum-accs[5.2.29~1-20fe8]:main():gmm-sum-accs.cc:66) Total count of stats is 4325
LOG (gmm-sum-accs[5.2.29~1-20fe8]:main():gmm-sum-accs.cc:67) Written stats to -
LOG (gmm-est[5.2.29~1-20fe8]:MleUpdate():transition-model.cc:517) TransitionModel::Update, objf change is 0 per frame over 4325 frames. 
LOG (gmm-est[5.2.29~1-20fe8]:MleUpdate():transition-model.cc:520) 10 probabilities floored, 356 out of 435 transition-states skipped due to insuffient data (it is normal to have some skipped.)
LOG (gmm-est[5.2.29~1-20fe8]:main():gmm-est.cc:102) Transition model update: Overall 0 log-like improvement per frame over 4325 frames.
WARNING (gmm-est[5.2.29~1-20fe8]:MleDiagGmmUpdate():mle-diag-gmm.cc:359) Too little data - removing Gaussian (weight 0.023175, occupation count 9.548224, vector size 21)
WARNING (gmm-est[5.2.29~1-20fe8]:MleDiagGmmUpdate():mle-diag-gmm.cc:365) Gaussian has too little data but not removing it because it is the last Gaussian: i = 0, occ = 0, weight = 1
WARNING (gmm-est[5.2.29~1-20fe8]:MleDiagGmmUpdate():mle-diag-gmm.cc:365) Gaussian has too little data but not removing it because it is the last Gaussian: i = 0, occ = 0, weight = 1
WARNING (gmm-est[5.2.29~1-20fe8]:MleDiagGmmUpdate():mle-diag-gmm.cc:359) Too little data - removing Gaussian (weight 0.037260, occupation count 8.756199, vector size 21)
WARNING (gmm-est[5.2.29~1-20fe8]:MleDiagGmmUpdate():mle-diag-gmm.cc:359) Too little data - removing Gaussian (weight 0.024958, occupation count 9.059637, vector size 21)
WARNING (gmm-est[5.2.29~1-20fe8]:MleDiagGmmUpdate():mle-diag-gmm.cc:359) Too little data - removing Gaussian (weight 0.027534, occupation count 8.480586, vector size 21)
WARNING (gmm-est[5.2.29~1-20fe8]:MleDiagGmmUpdate():mle-diag-gmm.cc:359) Too little data - removing Gaussian (weight 0.016691, occupation count 5.140686, vector size 21)
WARNING (gmm-est[5.2.29~1-20fe8]:MleDiagGmmUpdate():mle-diag-gmm.cc:359) Too little data - removing Gaussian (weight 0.021565, occupation count 6.641901, vector size 21)
WARNING (gmm-est[5.2.29~1-20fe8]:MleDiagGmmUpdate():mle-diag-gmm.cc:359) Too little data - removing Gaussian (weight 0.030834, occupation count 9.496860, vector size 21)
WARNING (gmm-est[5.2.29~1-20fe8]:MleDiagGmmUpdate():mle-diag-gmm.cc:365) Gaussian has too little data but not removing it because it is the last Gaussian: i = 0, occ = 0, weight = 1
WARNING (gmm-est[5.2.29~1-20fe8]:MleDiagGmmUpdate():mle-diag-gmm.cc:365) Gaussian has too little data but not removing it because it is the last Gaussian: i = 0, occ = 0, weight = 1
WARNING (gmm-est[5.2.29~1-20fe8]:MleDiagGmmUpdate():mle-diag-gmm.cc:365) Gaussian has too little data but not removing it because it is the last Gaussian: i = 0, occ = 0, weight = 1
WARNING (gmm-est[5.2.29~1-20fe8]:MleDiagGmmUpdate():mle-diag-gmm.cc:365) Gaussian has too little data but not removing it because it is the last Gaussian: i = 0, occ = 0, weight = 1
WARNING (gmm-est[5.2.29~1-20fe8]:MleDiagGmmUpdate():mle-diag-gmm.cc:365) Gaussian has too little data but not removing it because it is the last Gaussian: i = 0, occ = 0, weight = 1
WARNING (gmm-est[5.2.29~1-20fe8]:MleDiagGmmUpdate():mle-diag-gmm.cc:365) Gaussian has too little data but not removing it because it is the last Gaussian: i = 0, occ = 0, weight = 1
WARNING (gmm-est[5.2.29~1-20fe8]:MleDiagGmmUpdate():mle-diag-gmm.cc:359) Too little data - removing Gaussian (weight 0.025224, occupation count 9.610329, vector size 21)
WARNING (gmm-est[5.2.29~1-20fe8]:MleDiagGmmUpdate():mle-diag-gmm.cc:359) Too little data - removing Gaussian (weight 0.025847, occupation count 9.847607, vector size 21)
WARNING (gmm-est[5.2.29~1-20fe8]:MleDiagGmmUpdate():mle-diag-gmm.cc:365) Gaussian has too little data but not removing it because it is the last Gaussian: i = 0, occ = 0, weight = 1
WARNING (gmm-est[5.2.29~1-20fe8]:MleDiagGmmUpdate():mle-diag-gmm.cc:359) Too little data - removing Gaussian (weight 0.025817, occupation count 7.822423, vector size 21)
WARNING (gmm-est[5.2.29~1-20fe8]:MleDiagGmmUpdate():mle-diag-gmm.cc:359) Too little data - removing Gaussian (weight 0.028012, occupation count 8.487566, vector size 21)
WARNING (gmm-est[5.2.29~1-20fe8]:MleDiagGmmUpdate():mle-diag-gmm.cc:359) Too little data - removing Gaussian (weight 0.032921, occupation count 9.975192, vector size 21)
WARNING (gmm-est[5.2.29~1-20fe8]:MleDiagGmmUpdate():mle-diag-gmm.cc:365) Gaussian has too little data but not removing it because it is the last Gaussian: i = 0, occ = 0, weight = 1
WARNING (gmm-est[5.2.29~1-20fe8]:MleDiagGmmUpdate():mle-diag-gmm.cc:365) Gaussian has too little data but not removing it because it is the last Gaussian: i = 0, occ = 0, weight = 1
WARNING (gmm-est[5.2.29~1-20fe8]:MleDiagGmmUpdate():mle-diag-gmm.cc:359) Too little data - removing Gaussian (weight 0.030258, occupation count 7.927629, vector size 21)
WARNING (gmm-est[5.2.29~1-20fe8]:MleDiagGmmUpdate():mle-diag-gmm.cc:365) Gaussian has too little data but not removing it because it is the last Gaussian: i = 0, occ = 0, weight = 1
WARNING (gmm-est[5.2.29~1-20fe8]:MleDiagGmmUpdate():mle-diag-gmm.cc:365) Gaussian has too little data but not removing it because it is the last Gaussian: i = 0, occ = 0, weight = 1
WARNING (gmm-est[5.2.29~1-20fe8]:MleDiagGmmUpdate():mle-diag-gmm.cc:359) Too little data - removing Gaussian (weight 0.047809, occupation count 8.127584, vector size 21)
WARNING (gmm-est[5.2.29~1-20fe8]:MleDiagGmmUpdate():mle-diag-gmm.cc:359) Too little data - removing Gaussian (weight 0.052532, occupation count 8.930385, vector size 21)
WARNING (gmm-est[5.2.29~1-20fe8]:MleDiagGmmUpdate():mle-diag-gmm.cc:359) Too little data - removing Gaussian (weight 0.088821, occupation count 9.859156, vector size 21)
LOG (gmm-est[5.2.29~1-20fe8]:MleAmDiagGmmUpdate():mle-am-diag-gmm.cc:225) 9 variance elements floored in 9 Gaussians, out of 201
LOG (gmm-est[5.2.29~1-20fe8]:MleAmDiagGmmUpdate():mle-am-diag-gmm.cc:229) Removed 16 Gaussians due to counts < --min-gaussian-occupancy=10 and --remove-low-count-gaussians=true
LOG (gmm-est[5.2.29~1-20fe8]:main():gmm-est.cc:113) GMM update: Overall 0.783659 objective function improvement per frame over 4325 frames
LOG (gmm-est[5.2.29~1-20fe8]:main():gmm-est.cc:116) GMM update: Overall avg like per frame = -41.1844 over 4325 frames.
WARNING (gmm-est[5.2.29~1-20fe8]:GetSplitTargets():model-common.cc:134) Could not split up to 3080 due to min-count = 20 (or no counts at all)
LOG (gmm-est[5.2.29~1-20fe8]:SplitByCount():am-diag-gmm.cc:116) Split 39 states with target = 3080, power = 0.25, perturb_factor = 0.01 and min_count = 20, split #Gauss from 201 to 217
LOG (gmm-est[5.2.29~1-20fe8]:main():gmm-est.cc:146) Written model to exp/tri1/5.mdl
# Accounting: time=0 threads=1
# Ended (code 0) at Wed Jun 21 11:02:48 AEST 2017, elapsed time 0 seconds
