# gmm-align-compiled --transition-scale=1.0 --acoustic-scale=0.1 --self-loop-scale=0.1 --beam=10 --retry-beam=40 --careful=false "gmm-boost-silence --boost=1.0 1 exp/mono/38.mdl - |" "ark:gunzip -c exp/mono/fsts.1.gz|" "ark,s,cs:apply-cmvn  --utt2spk=ark:data/train/split1/1/utt2spk scp:data/train/split1/1/cmvn.scp scp:data/train/split1/1/feats.scp ark:- | add-deltas ark:- ark:- |" "ark,t:|gzip -c >exp/mono/ali.1.gz" 
# Started at Wed Jun 21 11:02:33 AEST 2017
#
gmm-align-compiled --transition-scale=1.0 --acoustic-scale=0.1 --self-loop-scale=0.1 --beam=10 --retry-beam=40 --careful=false 'gmm-boost-silence --boost=1.0 1 exp/mono/38.mdl - |' 'ark:gunzip -c exp/mono/fsts.1.gz|' 'ark,s,cs:apply-cmvn  --utt2spk=ark:data/train/split1/1/utt2spk scp:data/train/split1/1/cmvn.scp scp:data/train/split1/1/feats.scp ark:- | add-deltas ark:- ark:- |' 'ark,t:|gzip -c >exp/mono/ali.1.gz' 
gmm-boost-silence --boost=1.0 1 exp/mono/38.mdl - 
WARNING (gmm-boost-silence[5.2.29~1-20fe8]:main():gmm-boost-silence.cc:82) The pdfs for the silence phones may be shared by other phones (note: this probably does not matter.)
LOG (gmm-boost-silence[5.2.29~1-20fe8]:main():gmm-boost-silence.cc:93) Boosted weights for 5 pdfs, by factor of 1
LOG (gmm-boost-silence[5.2.29~1-20fe8]:main():gmm-boost-silence.cc:103) Wrote model to -
apply-cmvn --utt2spk=ark:data/train/split1/1/utt2spk scp:data/train/split1/1/cmvn.scp scp:data/train/split1/1/feats.scp ark:- 
add-deltas ark:- ark:- 
LOG (gmm-align-compiled[5.2.29~1-20fe8]:main():gmm-align-compiled.cc:127) SL_1_1_1
LOG (apply-cmvn[5.2.29~1-20fe8]:main():apply-cmvn.cc:162) Applied cepstral mean normalization to 5 utterances, errors on 0
LOG (gmm-align-compiled[5.2.29~1-20fe8]:main():gmm-align-compiled.cc:127) SL_1_1_2
LOG (gmm-align-compiled[5.2.29~1-20fe8]:main():gmm-align-compiled.cc:127) SL_1_1_3
LOG (gmm-align-compiled[5.2.29~1-20fe8]:main():gmm-align-compiled.cc:127) SL_1_1_4
WARNING (gmm-align-compiled[5.2.29~1-20fe8]:AlignUtteranceWrapper():decoder-wrappers.cc:468) Retrying utterance SL_1_1_4 with beam 40
LOG (gmm-align-compiled[5.2.29~1-20fe8]:main():gmm-align-compiled.cc:127) SL_1_1_5
LOG (gmm-align-compiled[5.2.29~1-20fe8]:main():gmm-align-compiled.cc:135) Overall log-likelihood per frame is -38.4446 over 4325 frames.
LOG (gmm-align-compiled[5.2.29~1-20fe8]:main():gmm-align-compiled.cc:137) Retried 1 out of 5 utterances.
LOG (gmm-align-compiled[5.2.29~1-20fe8]:main():gmm-align-compiled.cc:139) Done 5, errors on 0
# Accounting: time=1 threads=1
# Ended (code 0) at Wed Jun 21 11:02:34 AEST 2017, elapsed time 1 seconds
